{"/home/lven/Test_CTO/src/components/withErrorHandler/index.jsx": {"path":"/home/lven/Test_CTO/src/components/withErrorHandler/index.jsx","statementMap":{"0":{"start":{"line":6,"column":6},"end":{"line":6,"column":14}},"1":{"start":{"line":8,"column":6},"end":{"line":10,"column":8}},"2":{"start":{"line":14,"column":6},"end":{"line":14,"column":38}},"3":{"start":{"line":15,"column":6},"end":{"line":15,"column":41}},"4":{"start":{"line":17,"column":6},"end":{"line":19,"column":9}},"5":{"start":{"line":25,"column":10},"end":{"line":25,"column":20}},"6":{"start":{"line":27,"column":6},"end":{"line":29,"column":7}},"7":{"start":{"line":28,"column":8},"end":{"line":28,"column":20}},"8":{"start":{"line":31,"column":6},"end":{"line":31,"column":43}},"9":{"start":{"line":35,"column":2},"end":{"line":35,"column":26}}},"fnMap":{"0":{"name":"withErrorHandler","decl":{"start":{"line":3,"column":16},"end":{"line":3,"column":32}},"loc":{"start":{"line":3,"column":44},"end":{"line":36,"column":1}},"line":3},"1":{"name":"(anonymous_1)","decl":{"start":{"line":5,"column":4},"end":{"line":5,"column":5}},"loc":{"start":{"line":5,"column":18},"end":{"line":11,"column":5}},"line":5},"2":{"name":"(anonymous_2)","decl":{"start":{"line":13,"column":4},"end":{"line":13,"column":5}},"loc":{"start":{"line":13,"column":35},"end":{"line":20,"column":5}},"line":13},"3":{"name":"(anonymous_3)","decl":{"start":{"line":22,"column":4},"end":{"line":22,"column":5}},"loc":{"start":{"line":22,"column":13},"end":{"line":32,"column":5}},"line":22}},"branchMap":{"0":{"loc":{"start":{"line":27,"column":6},"end":{"line":29,"column":7}},"type":"if","locations":[{"start":{"line":27,"column":6},"end":{"line":29,"column":7}},{"start":{"line":27,"column":6},"end":{"line":29,"column":7}}],"line":27}},"s":{"0":1,"1":1,"2":1,"3":1,"4":1,"5":2,"6":2,"7":1,"8":1,"9":1},"f":{"0":1,"1":1,"2":1,"3":2},"b":{"0":[1,1]},"_coverageSchema":"1a1c01bbd47fc00a2c39e90264f33305004495a9","hash":"ea730f61c016ea5b2d882e2373531c49a398ab59"}
,"/home/lven/Test_CTO/src/reducers/index.js": {"path":"/home/lven/Test_CTO/src/reducers/index.js","statementMap":{},"fnMap":{},"branchMap":{},"s":{},"f":{},"b":{},"_coverageSchema":"1a1c01bbd47fc00a2c39e90264f33305004495a9","hash":"92d68fe577a7b501b0afcd8a33148f494d780dbf"}
,"/home/lven/Test_CTO/src/reducers/links.js": {"path":"/home/lven/Test_CTO/src/reducers/links.js","statementMap":{"0":{"start":{"line":3,"column":28},"end":{"line":8,"column":1}},"1":{"start":{"line":11,"column":2},"end":{"line":45,"column":3}},"2":{"start":{"line":13,"column":6},"end":{"line":18,"column":8}},"3":{"start":{"line":22,"column":6},"end":{"line":31,"column":8}},"4":{"start":{"line":35,"column":6},"end":{"line":40,"column":8}},"5":{"start":{"line":44,"column":6},"end":{"line":44,"column":19}}},"fnMap":{"0":{"name":"(anonymous_0)","decl":{"start":{"line":10,"column":15},"end":{"line":10,"column":16}},"loc":{"start":{"line":10,"column":49},"end":{"line":46,"column":1}},"line":10}},"branchMap":{"0":{"loc":{"start":{"line":10,"column":16},"end":{"line":10,"column":36}},"type":"default-arg","locations":[{"start":{"line":10,"column":24},"end":{"line":10,"column":36}}],"line":10},"1":{"loc":{"start":{"line":11,"column":2},"end":{"line":45,"column":3}},"type":"switch","locations":[{"start":{"line":12,"column":4},"end":{"line":19,"column":5}},{"start":{"line":21,"column":4},"end":{"line":32,"column":5}},{"start":{"line":34,"column":4},"end":{"line":41,"column":5}},{"start":{"line":43,"column":4},"end":{"line":44,"column":19}}],"line":11}},"s":{"0":1,"1":3,"2":0,"3":0,"4":0,"5":3},"f":{"0":3},"b":{"0":[3],"1":[0,0,0,3]},"_coverageSchema":"1a1c01bbd47fc00a2c39e90264f33305004495a9","hash":"2bfdf376bd6fdd306888bd39825a3e6e5401c77c"}
,"/home/lven/Test_CTO/src/reducers/list.js": {"path":"/home/lven/Test_CTO/src/reducers/list.js","statementMap":{"0":{"start":{"line":3,"column":28},"end":{"line":22,"column":1}},"1":{"start":{"line":25,"column":2},"end":{"line":139,"column":3}},"2":{"start":{"line":27,"column":6},"end":{"line":35,"column":8}},"3":{"start":{"line":39,"column":6},"end":{"line":48,"column":8}},"4":{"start":{"line":52,"column":6},"end":{"line":60,"column":8}},"5":{"start":{"line":64,"column":6},"end":{"line":72,"column":8}},"6":{"start":{"line":76,"column":6},"end":{"line":85,"column":8}},"7":{"start":{"line":89,"column":6},"end":{"line":97,"column":8}},"8":{"start":{"line":101,"column":6},"end":{"line":109,"column":8}},"9":{"start":{"line":113,"column":6},"end":{"line":122,"column":8}},"10":{"start":{"line":126,"column":6},"end":{"line":134,"column":8}},"11":{"start":{"line":138,"column":6},"end":{"line":138,"column":19}}},"fnMap":{"0":{"name":"(anonymous_0)","decl":{"start":{"line":24,"column":15},"end":{"line":24,"column":16}},"loc":{"start":{"line":24,"column":49},"end":{"line":140,"column":1}},"line":24}},"branchMap":{"0":{"loc":{"start":{"line":24,"column":16},"end":{"line":24,"column":36}},"type":"default-arg","locations":[{"start":{"line":24,"column":24},"end":{"line":24,"column":36}}],"line":24},"1":{"loc":{"start":{"line":25,"column":2},"end":{"line":139,"column":3}},"type":"switch","locations":[{"start":{"line":26,"column":4},"end":{"line":36,"column":5}},{"start":{"line":38,"column":4},"end":{"line":49,"column":5}},{"start":{"line":51,"column":4},"end":{"line":61,"column":5}},{"start":{"line":63,"column":4},"end":{"line":73,"column":5}},{"start":{"line":75,"column":4},"end":{"line":86,"column":5}},{"start":{"line":88,"column":4},"end":{"line":98,"column":5}},{"start":{"line":100,"column":4},"end":{"line":110,"column":5}},{"start":{"line":112,"column":4},"end":{"line":123,"column":5}},{"start":{"line":125,"column":4},"end":{"line":135,"column":5}},{"start":{"line":137,"column":4},"end":{"line":138,"column":19}}],"line":25}},"s":{"0":1,"1":3,"2":0,"3":0,"4":0,"5":0,"6":0,"7":0,"8":0,"9":0,"10":0,"11":3},"f":{"0":3},"b":{"0":[3],"1":[0,0,0,0,0,0,0,0,0,3]},"_coverageSchema":"1a1c01bbd47fc00a2c39e90264f33305004495a9","hash":"70e85387daad4829164404becbf906e7924a250e"}
,"/home/lven/Test_CTO/src/store/index.js": {"path":"/home/lven/Test_CTO/src/store/index.js","statementMap":{"0":{"start":{"line":6,"column":14},"end":{"line":15,"column":1}},"1":{"start":{"line":7,"column":19},"end":{"line":7,"column":49}},"2":{"start":{"line":9,"column":16},"end":{"line":12,"column":4}},"3":{"start":{"line":14,"column":2},"end":{"line":14,"column":15}}},"fnMap":{"0":{"name":"(anonymous_0)","decl":{"start":{"line":6,"column":14},"end":{"line":6,"column":15}},"loc":{"start":{"line":6,"column":37},"end":{"line":15,"column":1}},"line":6}},"branchMap":{"0":{"loc":{"start":{"line":6,"column":15},"end":{"line":6,"column":32}},"type":"default-arg","locations":[{"start":{"line":6,"column":30},"end":{"line":6,"column":32}}],"line":6},"1":{"loc":{"start":{"line":9,"column":16},"end":{"line":12,"column":4}},"type":"cond-expr","locations":[{"start":{"line":9,"column":69},"end":{"line":9,"column":138}},{"start":{"line":9,"column":141},"end":{"line":12,"column":4}}],"line":9},"2":{"loc":{"start":{"line":9,"column":16},"end":{"line":9,"column":66}},"type":"binary-expr","locations":[{"start":{"line":9,"column":16},"end":{"line":9,"column":45}},{"start":{"line":9,"column":49},"end":{"line":9,"column":66}}],"line":9}},"s":{"0":1,"1":1,"2":1,"3":1},"f":{"0":1},"b":{"0":[1],"1":[1,0],"2":[1,1]},"_coverageSchema":"1a1c01bbd47fc00a2c39e90264f33305004495a9","hash":"d0bdce3598c241dbd9fba90f4d0b859a1f8c108f"}
,"/home/lven/Test_CTO/src/types/index.js": {"path":"/home/lven/Test_CTO/src/types/index.js","statementMap":{"0":{"start":{"line":1,"column":29},"end":{"line":1,"column":44}},"1":{"start":{"line":2,"column":29},"end":{"line":2,"column":44}},"2":{"start":{"line":3,"column":28},"end":{"line":3,"column":42}},"3":{"start":{"line":5,"column":30},"end":{"line":5,"column":46}},"4":{"start":{"line":6,"column":30},"end":{"line":6,"column":46}},"5":{"start":{"line":7,"column":29},"end":{"line":7,"column":44}},"6":{"start":{"line":9,"column":30},"end":{"line":9,"column":46}},"7":{"start":{"line":10,"column":30},"end":{"line":10,"column":46}},"8":{"start":{"line":11,"column":29},"end":{"line":11,"column":44}},"9":{"start":{"line":13,"column":28},"end":{"line":13,"column":42}},"10":{"start":{"line":14,"column":28},"end":{"line":14,"column":42}},"11":{"start":{"line":15,"column":27},"end":{"line":15,"column":40}}},"fnMap":{},"branchMap":{},"s":{"0":1,"1":1,"2":1,"3":1,"4":1,"5":1,"6":1,"7":1,"8":1,"9":1,"10":1,"11":1},"f":{},"b":{},"_coverageSchema":"1a1c01bbd47fc00a2c39e90264f33305004495a9","hash":"52b9b8e4ecd90b5a5ed746326db4907d63407785"}
}
